#
# There is insufficient memory for the Java Runtime Environment to continue.
# Native memory allocation (malloc) failed to allocate 1048576 bytes for AllocateHeap
# Possible reasons:
#   The system is out of physical RAM or swap space
#   The process is running with CompressedOops enabled, and the Java Heap may be blocking the growth of the native heap
# Possible solutions:
#   Reduce memory load on the system
#   Increase physical memory or swap space
#   Check if swap backing store is full
#   Decrease Java heap size (-Xmx/-Xms)
#   Decrease number of Java threads
#   Decrease Java thread stack sizes (-Xss)
#   Set larger code cache with -XX:ReservedCodeCacheSize=
#   JVM is running with Unscaled Compressed Oops mode in which the Java heap is
#     placed in the first 4GB address space. The Java Heap base address is the
#     maximum limit for the native heap growth. Please use -XX:HeapBaseMinAddress
#     to set the Java Heap base and to place the Java Heap above 4GB virtual address.
# This output file may be truncated or incomplete.
#
#  Out of Memory Error (allocation.cpp:44), pid=19688, tid=22724
#
# JRE version:  (17.0.8+9) (build )
# Java VM: Java HotSpot(TM) 64-Bit Server VM (17.0.8+9-LTS-211, mixed mode, sharing, tiered, compressed oops, compressed class ptrs, g1 gc, windows-amd64)
# No core dump will be written. Minidumps are not enabled by default on client versions of Windows
#

---------------  S U M M A R Y ------------

Command Line: -agentlib:jdwp=transport=dt_socket,address=127.0.0.1:53210,suspend=y,server=n -javaagent:C:\Users\Alex\AppData\Local\JetBrains\IdeaIC2023.2\captureAgent\debugger-agent.jar -Dfile.encoding=UTF-8 com.clearance.management.backend.BackendApplication

Host: AMD Ryzen 5 5600G with Radeon Graphics         , 12 cores, 15G,  Windows 10 , 64 bit Build 19041 (10.0.19041.3155)
Time: Tue Aug 29 01:14:17 2023 Malay Peninsula Standard Time elapsed time: 3.685466 seconds (0d 0h 0m 3s)

---------------  T H R E A D  ---------------

Current thread (0x00000243f4992520):  JavaThread "Unknown thread" [_thread_in_vm, id=22724, stack(0x0000005b82d00000,0x0000005b82e00000)]

Stack: [0x0000005b82d00000,0x0000005b82e00000]
Native frames: (J=compiled Java code, j=interpreted, Vv=VM code, C=native code)
V  [jvm.dll+0x677d0a]
V  [jvm.dll+0x7d8c54]
V  [jvm.dll+0x7da3fe]
V  [jvm.dll+0x7daa63]
V  [jvm.dll+0x245c5f]
V  [jvm.dll+0xa50e3]
V  [jvm.dll+0x2d6137]
V  [jvm.dll+0x7aa6dc]
V  [jvm.dll+0x367b51]
V  [jvm.dll+0x789979]
V  [jvm.dll+0x3eb05f]
V  [jvm.dll+0x3ecae1]
C  [jli.dll+0x5297]
C  [ucrtbase.dll+0x21bb2]
C  [KERNEL32.DLL+0x17614]
C  [ntdll.dll+0x526b1]


---------------  P R O C E S S  ---------------

Threads class SMR info:
_java_thread_list=0x00007fffc43059d8, length=0, elements={
}

Java Threads: ( => current thread )

Other Threads:

=>0x00000243f4992520 (exited) JavaThread "Unknown thread" [_thread_in_vm, id=22724, stack(0x0000005b82d00000,0x0000005b82e00000)]

Threads with active compile tasks:

VM state: not at safepoint (not fully initialized)

VM Mutex/Monitor currently owned by a thread: None

Heap address: 0x0000000000000000, size: 0 MB, Compressed Oops mode: 32-bit

CDS archive(s) mapped at: [0x0000000000000000-0x0000000000000000-0x0000000000000000), size 0, SharedBaseAddress: 0x0000000800000000, ArchiveRelocationMode: 1.
Narrow klass base: 0x0000000000000000, Narrow klass shift: 0, Narrow klass range: 0x0

GC Precious Log:
<Empty>

GC Heap History (0 events):
No events

Deoptimization events (0 events):
No events

Classes unloaded (0 events):
No events

Classes redefined (0 events):
No events

Internal exceptions (0 events):
No events

VM Operations (0 events):
No events

Events (2 events):
Event: 3.642 Loaded shared library C:\Program Files\Java\jdk-17\bin\java.dll
Event: 3.649 Loaded shared library C:\Program Files\Java\jdk-17\bin\zip.dll


Dynamic libraries:
0x00007ff6ef710000 - 0x00007ff6ef720000 	C:\Program Files\Java\jdk-17\bin\java.exe
0x00007ffffa0f0000 - 0x00007ffffa2e8000 	C:\WINDOWS\SYSTEM32\ntdll.dll
0x00007fffd9b10000 - 0x00007fffd9b29000 	C:\Program Files\Avast Software\Avast\aswhook.dll
0x00007ffff8b70000 - 0x00007ffff8c2f000 	C:\WINDOWS\System32\KERNEL32.DLL
0x00007ffff7e20000 - 0x00007ffff8116000 	C:\WINDOWS\System32\KERNELBASE.dll
0x00007ffff7940000 - 0x00007ffff7a40000 	C:\WINDOWS\System32\ucrtbase.dll
0x00007ffff2d40000 - 0x00007ffff2d5b000 	C:\Program Files\Java\jdk-17\bin\VCRUNTIME140.dll
0x00007ffff3140000 - 0x00007ffff3159000 	C:\Program Files\Java\jdk-17\bin\jli.dll
0x00007ffff9690000 - 0x00007ffff973f000 	C:\WINDOWS\System32\ADVAPI32.dll
0x00007ffff8460000 - 0x00007ffff84fe000 	C:\WINDOWS\System32\msvcrt.dll
0x00007ffff93f0000 - 0x00007ffff948c000 	C:\WINDOWS\System32\sechost.dll
0x00007ffff90c0000 - 0x00007ffff91e6000 	C:\WINDOWS\System32\RPCRT4.dll
0x00007ffff9250000 - 0x00007ffff93ed000 	C:\WINDOWS\System32\USER32.dll
0x00007ffff7860000 - 0x00007ffff7882000 	C:\WINDOWS\System32\win32u.dll
0x00007fffdd8a0000 - 0x00007fffddb3a000 	C:\WINDOWS\WinSxS\amd64_microsoft.windows.common-controls_6595b64144ccf1df_6.0.19041.1110_none_60b5254171f9507e\COMCTL32.dll
0x00007ffffa080000 - 0x00007ffffa0ac000 	C:\WINDOWS\System32\GDI32.dll
0x00007ffff7d00000 - 0x00007ffff7e15000 	C:\WINDOWS\System32\gdi32full.dll
0x00007ffff7b00000 - 0x00007ffff7b9d000 	C:\WINDOWS\System32\msvcp_win.dll
0x00007fffed7c0000 - 0x00007fffed7ca000 	C:\WINDOWS\SYSTEM32\VERSION.dll
0x00007ffff8430000 - 0x00007ffff8460000 	C:\WINDOWS\System32\IMM32.DLL
0x00007ffff3460000 - 0x00007ffff346c000 	C:\Program Files\Java\jdk-17\bin\vcruntime140_1.dll
0x00007fffefd40000 - 0x00007fffefdce000 	C:\Program Files\Java\jdk-17\bin\msvcp140.dll
0x00007fffc3850000 - 0x00007fffc442e000 	C:\Program Files\Java\jdk-17\bin\server\jvm.dll
0x00007ffff8300000 - 0x00007ffff8308000 	C:\WINDOWS\System32\PSAPI.DLL
0x00007fffe8ca0000 - 0x00007fffe8ca9000 	C:\WINDOWS\SYSTEM32\WSOCK32.dll
0x00007fffed3a0000 - 0x00007fffed3c7000 	C:\WINDOWS\SYSTEM32\WINMM.dll
0x00007ffff86b0000 - 0x00007ffff871b000 	C:\WINDOWS\System32\WS2_32.dll
0x00007ffff5690000 - 0x00007ffff56a2000 	C:\WINDOWS\SYSTEM32\kernel.appcore.dll
0x00007ffff2d30000 - 0x00007ffff2d3a000 	C:\Program Files\Java\jdk-17\bin\jimage.dll
0x00007ffff0780000 - 0x00007ffff0964000 	C:\WINDOWS\SYSTEM32\DBGHELP.DLL
0x00007fffed750000 - 0x00007fffed784000 	C:\WINDOWS\SYSTEM32\dbgcore.DLL
0x00007ffff77d0000 - 0x00007ffff7852000 	C:\WINDOWS\System32\bcryptPrimitives.dll
0x00007fffeaeb0000 - 0x00007fffeaeeb000 	C:\Program Files\Java\jdk-17\bin\jdwp.dll
0x00007ffff2d10000 - 0x00007ffff2d1e000 	C:\Program Files\Java\jdk-17\bin\instrument.dll
0x00007fffed7f0000 - 0x00007fffed815000 	C:\Program Files\Java\jdk-17\bin\java.dll
0x00007fffefe80000 - 0x00007fffefe98000 	C:\Program Files\Java\jdk-17\bin\zip.dll

dbghelp: loaded successfully - version: 4.0.5 - missing functions: none
symbol engine: initialized successfully - sym options: 0x614 - pdb path: .;C:\Program Files\Java\jdk-17\bin;C:\WINDOWS\SYSTEM32;C:\Program Files\Avast Software\Avast;C:\WINDOWS\WinSxS\amd64_microsoft.windows.common-controls_6595b64144ccf1df_6.0.19041.1110_none_60b5254171f9507e;C:\Program Files\Java\jdk-17\bin\server

VM Arguments:
jvm_args: -agentlib:jdwp=transport=dt_socket,address=127.0.0.1:53210,suspend=y,server=n -javaagent:C:\Users\Alex\AppData\Local\JetBrains\IdeaIC2023.2\captureAgent\debugger-agent.jar -Dfile.encoding=UTF-8 
java_command: com.clearance.management.backend.BackendApplication
java_class_path (initial): C:\Users\Alex\Documents\GitHub\ClearanceManagement\backend\target\classes;C:\Users\Alex\.m2\repository\org\springframework\boot\spring-boot-starter-data-jpa\3.1.2\spring-boot-starter-data-jpa-3.1.2.jar;C:\Users\Alex\.m2\repository\org\springframework\boot\spring-boot-starter-aop\3.1.2\spring-boot-starter-aop-3.1.2.jar;C:\Users\Alex\.m2\repository\org\aspectj\aspectjweaver\1.9.19\aspectjweaver-1.9.19.jar;C:\Users\Alex\.m2\repository\org\springframework\boot\spring-boot-starter-jdbc\3.1.2\spring-boot-starter-jdbc-3.1.2.jar;C:\Users\Alex\.m2\repository\com\zaxxer\HikariCP\5.0.1\HikariCP-5.0.1.jar;C:\Users\Alex\.m2\repository\org\springframework\spring-jdbc\6.0.11\spring-jdbc-6.0.11.jar;C:\Users\Alex\.m2\repository\org\hibernate\orm\hibernate-core\6.2.6.Final\hibernate-core-6.2.6.Final.jar;C:\Users\Alex\.m2\repository\jakarta\persistence\jakarta.persistence-api\3.1.0\jakarta.persistence-api-3.1.0.jar;C:\Users\Alex\.m2\repository\jakarta\transaction\jakarta.transaction-api\2.0.1\jakarta.transaction-api-2.0.1.jar;C:\Users\Alex\.m2\repository\org\jboss\logging\jboss-logging\3.5.3.Final\jboss-logging-3.5.3.Final.jar;C:\Users\Alex\.m2\repository\org\hibernate\common\hibernate-commons-annotations\6.0.6.Final\hibernate-commons-annotations-6.0.6.Final.jar;C:\Users\Alex\.m2\repository\io\smallrye\jandex\3.0.5\jandex-3.0.5.jar;C:\Users\Alex\.m2\repository\com\fasterxml\classmate\1.5.1\classmate-1.5.1.jar;C:\Users\Alex\.m2\repository\net\bytebuddy\byte-buddy\1.14.5\byte-buddy-1.14.5.jar;C:\Users\Alex\.m2\repository\org\glassfish\jaxb\jaxb-runtime\4.0.3\jaxb-runtime-4.0.3.jar;C:\Users\Alex\.m2\repository\org\glassfish\jaxb\jaxb-core\4.0.3\jaxb-core-4.0.3.jar;C:\Users\Alex\.m2\repository\org\glassfish\jaxb\txw2\4.0.3\txw2-4.0.3.jar;C:\Users\Alex\.m2\repository\com\sun\istack\istack-commons-runtime\4.1.2\istack-commons-runtime-4.1.2.jar;C:\Users\Alex\.m2\repository\jakarta\inject\jakarta.inject-api\2.0.1\jakarta.inject-api-2.0.1.jar;C:\Users\Alex\.m2\repo
Launcher Type: SUN_STANDARD

[Global flags]
     intx CICompilerCount                          = 4                                         {product} {ergonomic}
     uint ConcGCThreads                            = 3                                         {product} {ergonomic}
     uint G1ConcRefinementThreads                  = 10                                        {product} {ergonomic}
   size_t G1HeapRegionSize                         = 2097152                                   {product} {ergonomic}
    uintx GCDrainStackTargetSize                   = 64                                        {product} {ergonomic}
   size_t InitialHeapSize                          = 260046848                                 {product} {ergonomic}
   size_t MarkStackSize                            = 4194304                                   {product} {ergonomic}
   size_t MaxHeapSize                              = 4133486592                                {product} {ergonomic}
   size_t MinHeapDeltaBytes                        = 2097152                                   {product} {ergonomic}
   size_t MinHeapSize                              = 8388608                                   {product} {ergonomic}
    uintx NonNMethodCodeHeapSize                   = 5839372                                {pd product} {ergonomic}
    uintx NonProfiledCodeHeapSize                  = 122909434                              {pd product} {ergonomic}
    uintx ProfiledCodeHeapSize                     = 122909434                              {pd product} {ergonomic}
    uintx ReservedCodeCacheSize                    = 251658240                              {pd product} {ergonomic}
     bool SegmentedCodeCache                       = true                                      {product} {ergonomic}
   size_t SoftMaxHeapSize                          = 4133486592                             {manageable} {ergonomic}
     bool UseCompressedClassPointers               = true                           {product lp64_product} {ergonomic}
     bool UseCompressedOops                        = true                           {product lp64_product} {ergonomic}
     bool UseG1GC                                  = true                                      {product} {ergonomic}
     bool UseLargePagesIndividualAllocation        = false                                  {pd product} {ergonomic}

Logging:
Log output configuration:
 #0: stdout all=warning uptime,level,tags
 #1: stderr all=off uptime,level,tags

Environment Variables:
JAVA_HOME=C:\Program Files\Java\jdk-11
PATH=C:\Program Files\Common Files\Oracle\Java\javapath;C:\Program Files (x86)\Common Files\Oracle\Java\javapath;C:\WINDOWS\system32;C:\WINDOWS;C:\WINDOWS\System32\Wbem;C:\WINDOWS\System32\WindowsPowerShell\v1.0\;C:\WINDOWS\System32\OpenSSH\;C:\Users\Alex\AppData\Local\Microsoft\WindowsApps;C:\Users\Alex\AppData\Local\Programs\Microsoft VS Code\bin;C:\adb;C:\Program Files\Git\cmd;C:\Program Files\Java\jdk-11\bin;C:\Program Files\nodejs;C:\Users\Alex\AppData\Local\Microsoft\WindowsApps;C:\Users\Alex\AppData\Local\Programs\Microsoft VS Code\bin;C:\Users\Alex\AppData\Local\GitHubDesktop\bin
USERNAME=Alex
OS=Windows_NT
PROCESSOR_IDENTIFIER=AMD64 Family 25 Model 80 Stepping 0, AuthenticAMD



---------------  S Y S T E M  ---------------

OS:
 Windows 10 , 64 bit Build 19041 (10.0.19041.3155)
OS uptime: 0 days 8:43 hours

CPU: total 12 (initial active 12) (12 cores per cpu, 2 threads per core) family 25 model 80 stepping 0 microcode 0x0, cx8, cmov, fxsr, ht, mmx, 3dnowpref, sse, sse2, sse3, ssse3, sse4a, sse4.1, sse4.2, popcnt, lzcnt, tsc, tscinvbit, avx, avx2, aes, erms, clmul, bmi1, bmi2, adx, sha, fma, vzeroupper, clflush, clflushopt

Memory: 4k page, system-wide physical 15765M (31M free)
TotalPageFile size 32592M (AvailPageFile size 0M)
current process WorkingSet (physical memory assigned to process): 9M, peak: 9M
current process commit charge ("private bytes"): 17M, peak: 18M

vm_info: Java HotSpot(TM) 64-Bit Server VM (17.0.8+9-LTS-211) for windows-amd64 JRE (17.0.8+9-LTS-211), built on Jun 14 2023 10:34:31 by "mach5one" with MS VC++ 17.1 (VS2022)

END.
